# JRE version: Java(TM) SE Runtime Environment (8.0_111-b14) (build 1.8.0_111-b14)
# Java VM: Java HotSpot(TM) 64-Bit Server VM (25.111-b14 mixed mode windows-amd64 compressed oops)
Heap:
 PSYoungGen      total 76288K, used 57301K [0x000000076b400000, 0x0000000774900000, 0x00000007c0000000)
  eden space 65536K, 87% used [0x000000076b400000,0x000000076ebf5638,0x000000076f400000)
  from space 10752K, 0% used [0x000000076f400000,0x000000076f400000,0x000000076fe80000)
  to   space 10752K, 0% used [0x0000000773e80000,0x0000000773e80000,0x0000000774900000)
 ParOldGen       total 91648K, used 5499K [0x00000006c1c00000, 0x00000006c7580000, 0x000000076b400000)
  object space 91648K, 6% used [0x00000006c1c00000,0x00000006c215efa8,0x00000006c7580000)
 Metaspace       used 26534K, capacity 27322K, committed 27520K, reserved 1073152K
  class space    used 3408K, capacity 3607K, committed 3712K, reserved 1048576K
GC Heap History (8 events):
Event: 1.186 GC heap before
{Heap before GC invocations=1 (full 0):
 PSYoungGen      total 76288K, used 65536K [0x000000076b400000, 0x0000000770900000, 0x00000007c0000000)
  eden space 65536K, 100% used [0x000000076b400000,0x000000076f400000,0x000000076f400000)
  from space 10752K, 0% used [0x000000076fe80000,0x000000076fe80000,0x0000000770900000)
  to   space 10752K, 0% used [0x000000076f400000,0x000000076f400000,0x000000076fe80000)
 ParOldGen       total 175104K, used 0K [0x00000006c1c00000, 0x00000006cc700000, 0x000000076b400000)
  object space 175104K, 0% used [0x00000006c1c00000,0x00000006c1c00000,0x00000006cc700000)
 Metaspace       used 13573K, capacity 13970K, committed 14080K, reserved 1060864K
  class space    used 1650K, capacity 1767K, committed 1792K, reserved 1048576K
Event: 1.196 GC heap after
Heap after GC invocations=1 (full 0):
 PSYoungGen      total 76288K, used 8027K [0x000000076b400000, 0x0000000770900000, 0x00000007c0000000)
  eden space 65536K, 0% used [0x000000076b400000,0x000000076b400000,0x000000076f400000)
  from space 10752K, 74% used [0x000000076f400000,0x000000076fbd6fb0,0x000000076fe80000)
  to   space 10752K, 0% used [0x000000076fe80000,0x000000076fe80000,0x0000000770900000)
 ParOldGen       total 175104K, used 16K [0x00000006c1c00000, 0x00000006cc700000, 0x000000076b400000)
  object space 175104K, 0% used [0x00000006c1c00000,0x00000006c1c04000,0x00000006cc700000)
 Metaspace       used 13573K, capacity 13970K, committed 14080K, reserved 1060864K
  class space    used 1650K, capacity 1767K, committed 1792K, reserved 1048576K
}
Event: 1.734 GC heap before
{Heap before GC invocations=2 (full 0):
 PSYoungGen      total 76288K, used 73563K [0x000000076b400000, 0x0000000770900000, 0x00000007c0000000)
  eden space 65536K, 100% used [0x000000076b400000,0x000000076f400000,0x000000076f400000)
  from space 10752K, 74% used [0x000000076f400000,0x000000076fbd6fb0,0x000000076fe80000)
  to   space 10752K, 0% used [0x000000076fe80000,0x000000076fe80000,0x0000000770900000)
 ParOldGen       total 175104K, used 20K [0x00000006c1c00000, 0x00000006cc700000, 0x000000076b400000)
  object space 175104K, 0% used [0x00000006c1c00000,0x00000006c1c05068,0x00000006cc700000)
 Metaspace       used 20087K, capacity 20642K, committed 20992K, reserved 1067008K
  class space    used 2564K, capacity 2707K, committed 2816K, reserved 1048576K
Event: 1.745 GC heap after
Heap after GC invocations=2 (full 0):
 PSYoungGen      total 76288K, used 10540K [0x000000076b400000, 0x0000000774900000, 0x00000007c0000000)
  eden space 65536K, 0% used [0x000000076b400000,0x000000076b400000,0x000000076f400000)
  from space 10752K, 98% used [0x000000076fe80000,0x00000007708cb210,0x0000000770900000)
  to   space 10752K, 0% used [0x000000076f400000,0x000000076f400000,0x000000076fe80000)
 ParOldGen       total 175104K, used 28K [0x00000006c1c00000, 0x00000006cc700000, 0x000000076b400000)
  object space 175104K, 0% used [0x00000006c1c00000,0x00000006c1c07068,0x00000006cc700000)
 Metaspace       used 20087K, capacity 20642K, committed 20992K, reserved 1067008K
  class space    used 2564K, capacity 2707K, committed 2816K, reserved 1048576K
}
Event: 1.798 GC heap before
{Heap before GC invocations=3 (full 0):
 PSYoungGen      total 76288K, used 16515K [0x000000076b400000, 0x0000000774900000, 0x00000007c0000000)
  eden space 65536K, 9% used [0x000000076b400000,0x000000076b9d5d20,0x000000076f400000)
  from space 10752K, 98% used [0x000000076fe80000,0x00000007708cb210,0x0000000770900000)
  to   space 10752K, 0% used [0x000000076f400000,0x000000076f400000,0x000000076fe80000)
 ParOldGen       total 175104K, used 28K [0x00000006c1c00000, 0x00000006cc700000, 0x000000076b400000)
  object space 175104K, 0% used [0x00000006c1c00000,0x00000006c1c07068,0x00000006cc700000)
 Metaspace       used 20643K, capacity 21158K, committed 21248K, reserved 1067008K
  class space    used 2631K, capacity 2773K, committed 2816K, reserved 1048576K
Event: 1.804 GC heap after
Heap after GC invocations=3 (full 0):
 PSYoungGen      total 76288K, used 5660K [0x000000076b400000, 0x0000000774900000, 0x00000007c0000000)
  eden space 65536K, 0% used [0x000000076b400000,0x000000076b400000,0x000000076f400000)
  from space 10752K, 52% used [0x000000076f400000,0x000000076f987288,0x000000076fe80000)
  to   space 10752K, 0% used [0x0000000773e80000,0x0000000773e80000,0x0000000774900000)
 ParOldGen       total 175104K, used 36K [0x00000006c1c00000, 0x00000006cc700000, 0x000000076b400000)
  object space 175104K, 0% used [0x00000006c1c00000,0x00000006c1c09068,0x00000006cc700000)
 Metaspace       used 20643K, capacity 21158K, committed 21248K, reserved 1067008K
  class space    used 2631K, capacity 2773K, committed 2816K, reserved 1048576K
}
Event: 1.804 GC heap before
{Heap before GC invocations=4 (full 1):
 PSYoungGen      total 76288K, used 5660K [0x000000076b400000, 0x0000000774900000, 0x00000007c0000000)
  eden space 65536K, 0% used [0x000000076b400000,0x000000076b400000,0x000000076f400000)
  from space 10752K, 52% used [0x000000076f400000,0x000000076f987288,0x000000076fe80000)
  to   space 10752K, 0% used [0x0000000773e80000,0x0000000773e80000,0x0000000774900000)
 ParOldGen       total 175104K, used 36K [0x00000006c1c00000, 0x00000006cc700000, 0x000000076b400000)
  object space 175104K, 0% used [0x00000006c1c00000,0x00000006c1c09068,0x00000006cc700000)
 Metaspace       used 20643K, capacity 21158K, committed 21248K, reserved 1067008K
  class space    used 2631K, capacity 2773K, committed 2816K, reserved 1048576K
Event: 1.838 GC heap after
Heap after GC invocations=4 (full 1):
 PSYoungGen      total 76288K, used 0K [0x000000076b400000, 0x0000000774900000, 0x00000007c0000000)
  eden space 65536K, 0% used [0x000000076b400000,0x000000076b400000,0x000000076f400000)
  from space 10752K, 0% used [0x000000076f400000,0x000000076f400000,0x000000076fe80000)
  to   space 10752K, 0% used [0x0000000773e80000,0x0000000773e80000,0x0000000774900000)
 ParOldGen       total 91648K, used 5499K [0x00000006c1c00000, 0x00000006c7580000, 0x000000076b400000)
  object space 91648K, 6% used [0x00000006c1c00000,0x00000006c215efa8,0x00000006c7580000)
 Metaspace       used 20643K, capacity 21158K, committed 21248K, reserved 1067008K
  class space    used 2631K, capacity 2773K, committed 2816K, reserved 1048576K
}

